ERROR	line:2	tim	2018/03/22 02:21:21	not found:	/Users/tim/Projects/python3xxx/	 
ERROR	line:2	tim	2018/03/22 02:21:22	not found:	/Users/tim/Projects/python3xxx/	 
ERROR	line:2	tim	2018/03/22 02:21:23	not found:	/Users/tim/Projects/python3xxx/	 
ERROR	line:2	tim	2018/03/22 02:23:38	not found:	/Users/tim/Projects/python3xxx/	 
ERROR	line:2	tim	2018/03/22 02:24:33	not found:	/Users/tim/Projects/python3xxx/	 
ERROR	line:1	tim	2018/03/22 02:28:42	Unable to load:	cp	 
ERROR	line:1	tim	2018/03/22 04:16:50	Unable to load:	cd	 
ERROR	line:1	tim	2018/03/22 04:37:24	Unable to cd to path:	/Users/tim/Projects/python3/(new)	 
ERROR	line:1	tim	2018/03/22 04:37:53	Unable to cd to path:	/Users/tim/Projects/python3/new	 
ERROR	line:1	tim	2018/03/22 13:20:32	Unable to cd to path:	new	 
ERROR	line:1	tim	2018/03/22 13:21:09	Unable to cd to path:	new	 
ERROR	line:1	tim	2018/03/22 13:21:19	Unable to cd to path:	bbref	 
ERROR	line:1	tim	2018/03/22 13:21:31	Unable to cd to path:	bbref	 
ERROR	line:1	tim	2018/03/22 13:23:23	Unable to cd to path:	dunzo	 
ERROR	line:1	tim	2018/03/22 13:29:32	Unable to cd to path:	youtern	 
ERROR	line:1	tim	2018/03/22 13:40:19	Unable to cd:	aaaaa	 
ERROR	line:1	tim	2018/03/22 13:40:30	Unable to cd:	aaaaa	 
ERROR	line:1	tim	2018/03/23 00:49:51	Unable to copy path:	/Users/tim/Projects/python3/manakin/	 
ERROR	line:1	tim	2018/03/23 05:14:55	Unable to copy path:	/Users/tim/Projects/python3/manakin/	 
ERROR	line:1	tim	2018/03/24 01:32:17	Unable to remove path:	/Users/tim/Projects/python3/azzzzz	 
ERROR	line:1	tim	2018/03/24 01:42:51	Unable to load:	rest	 
ERROR	line:1	tim	2018/03/24 01:45:11	Problem with GIT:	aqqqqq	 
ERROR	line:1	tim	2018/03/24 03:52:33	Unable to copy path:	/Users/tim/Projects/venvs/trash/aaaaaaasssssss/subl/aaaaaaasssssss.sublime-project	 
ERROR	line:1	tim	2018/03/24 03:52:33	Unable to copy path:	/Users/tim/Projects/venvs/trash/aaaaaaasssssss/subl/aaaaaaasssssss.sublime-workspace	 
ERROR	line:1	tim	2018/03/24 03:52:33	Unable to copy path:	/Users/tim/Projects/venvs/trash/aaaaaaasssssss/proj/	 
ERROR	line:1	tim	2018/03/24 03:52:33	Unable to copy path:	/Users/tim/Projects/venvs/trash/aaaaaaasssssss/ve/	 
ERROR	line:1	tim	2018/03/24 03:57:56	Unable to copy path:	/Users/tim/Projects/sublime_Projects/AAWWQQQ.sublime-project	 
ERROR	line:1	tim	2018/03/24 03:57:56	Unable to copy path:	/Users/tim/Projects/sublime_Projects/AAWWQQQ.sublime-workspace	 
ERROR	line:1	tim	2018/03/24 03:57:56	Unable to copy path:	/Users/tim/Projects/python3/AAWWQQQ//.	 
ERROR	line:1	tim	2018/03/24 04:15:59	Unable to copy path:	/Users/tim/Projects/python3/manakin/	 
ERROR	line:1	tim	2018/03/24 04:16:02	Problem with GIT:	Atom	 
ERROR	line:1	tim	2018/03/25 18:08:08	Unable to copy path:		 
ERROR	line:1	tim	2018/03/25 18:12:11	Unable to copy path:	/Users/tim/Projects/sublime_Projects/new_template.sublime-workspace	 
ERROR	line:1	tim	2018/03/25 18:12:25	Unable to copy path:		 
ERROR	line:1	tim	2018/03/25 18:30:17	Unable to create Virtual Environment:	/Users/tim/Projects/venvs/AjJjJ/	 
ERROR	line:1	tim	2018/03/26 03:10:56	Unable to copy path:	/Users/tim/Projects/sublime_Projects/aOOddddddddddss.sublime-project	 
ERROR	line:1	tim	2018/03/26 03:11:11	Unable to copy path:	/Users/tim/Projects/venvs/trash/ddjdj/subl/ddjdj.sublime-project	 
ERROR	line:1	tim	2018/03/26 03:11:11	Unable to copy path:	/Users/tim/Projects/venvs/trash/ddjdj/subl/ddjdj.sublime-workspace	 
ERROR	line:1	tim	2018/03/26 03:11:11	Unable to copy path:	/Users/tim/Projects/venvs/trash/ddjdj/proj/	 
ERROR	line:1	tim	2018/03/26 03:11:11	Unable to copy path:	/Users/tim/Projects/venvs/trash/ddjdj/ve/	 
ERROR	line:1	tim	2018/03/26 03:19:37	Unable to copy path:	/Users/tim/Projects/sublime_Projects/dsdsd.sublime-project	 
ERROR	line:1	tim	2018/03/26 04:00:48	Unable to load:	ssdfsdf	 
ERROR	line:1	tim	2018/03/26 04:11:42	Unable to load:	ssdfdsf	 
ERROR	line:1	tim	2018/03/26 04:12:08	Unable to load:	ssdfdsf	 
ERROR	line:1	tim	2018/03/26 04:13:14	Unable to load:	sfdfds	 
ERROR	line:1	tim	2018/03/26 04:24:07	Unable to load:	g	 
ERROR	line:1	tim	2018/03/26 04:27:51	Unable to copy path:	/Users/tim/Projects/venvs/trash/ajjjjjd/subl/ajjjjjd.sublime-project	 
ERROR	line:1	tim	2018/03/26 04:27:51	Unable to copy path:	/Users/tim/Projects/venvs/trash/ajjjjjd/subl/ajjjjjd.sublime-workspace	 
ERROR	line:1	tim	2018/03/26 04:27:51	Unable to copy path:	/Users/tim/Projects/venvs/trash/ajjjjjd/proj/	 
ERROR	line:1	tim	2018/03/26 04:27:51	Unable to copy path:	/Users/tim/Projects/venvs/trash/ajjjjjd/ve/	 
ERROR	line:1	tim	2018/03/26 04:29:52	Unable to load:	ssdsdsd	 
ERROR	line:1	tim	2018/03/26 04:34:30	Unable to copy path:	/Users/tim/Projects/sublime_Projects/asdasdasd.sublime-project	 
ERROR	line:1	tim	2018/03/26 13:46:08	Unable to copy path:	/Users/tim/Projects/venvs/trash/aOOddddd/subl/aOOddddd.sublime-project	 
ERROR	line:1	tim	2018/03/26 13:46:08	Unable to copy path:	/Users/tim/Projects/venvs/trash/aOOddddd/subl/aOOddddd.sublime-workspace	 
ERROR	line:1	tim	2018/03/27 12:05:50	Unable to copy path:	/Users/tim/Projects/sublime_Projects/dfsfd.sublime-project	 
ERROR	line:1	tim	2018/03/27 12:38:01	Unable to copy path:	/Users/tim/Projects/sublime_Projects/aOOddddd.sublime-project	 
ERROR	line:1	tim	2018/03/27 14:22:51	Unable to load:	--version	 
ERROR	line:1	tim	2018/03/27 14:45:37	Unable to cd:	/Users/tim/Projects/venvs/	 
ERROR	line:1	tim	2018/03/27 14:45:39	Unable to cd:	/Users/tim/Projects/venvs/	 
ERROR	line:1	tim	2018/03/27 14:45:41	Unable to cd:	/Users/tim/Projects/venvs/	 
ERROR	line:1	tim	2018/03/27 14:45:49	Unable to cd:	/Users/tim/Projects/venvs/	 
ERROR	line:1	tim	2018/03/27 14:56:29	Unable to cd:	/Users/tim/Projects/venvs/	 
ERROR	line:1	tim	2018/03/27 14:58:38	Unable to cd:	/Users/tim/Projects/venvs/	 
ERROR	line:1	tim	2018/03/27 14:58:40	Unable to cd:	/Users/tim/Projects/venvs/	 
ERROR	line:1	tim	2018/03/27 14:58:42	Unable to cd:	/Users/tim/Projects/venvs/	 
ERROR	line:1	tim	2018/03/27 14:58:48	Unable to cd:	/Users/tim/Projects/venvs/trash/	 
ERROR	line:1	tim	2018/03/27 14:58:50	Unable to cd:	/Users/tim/Projects/venvs/	 
ERROR	line:1	tim	2018/03/27 15:01:35	Unable to cd:	/Users/tim/Projects/venvs/	 
ERROR	line:1	tim	2018/03/27 15:01:37	Unable to cd:	/Users/tim/Projects/venvs/	 
ERROR	line:1	tim	2018/03/27 15:02:04	Unable to cd:	/Users/tim/Projects/venvs/	 
ERROR	line:1	tim	2018/03/27 15:02:05	Unable to cd:	/Users/tim/Projects/venvs/	 
ERROR	line:1	tim	2018/03/27 15:03:09	Unable to cd:	/Users/tim/Projects/venvs/	 
ERROR	line:1	tim	2018/03/27 15:03:41	Unable to cd:	/Users/tim/Projects/venvs/	 
ERROR	line:1	tim	2018/03/27 15:04:15	Unable to cd:	/Users/tim/Projects/venvs/	 
ERROR	line:1	tim	2018/03/27 15:04:18	Unable to cd:	/Users/tim/Projects/venvs/	 
ERROR	line:1	tim	2018/03/27 15:04:23	Unable to cd:	/Users/tim/Projects/venvs/	 
ERROR	line:1	tim	2018/03/27 15:04:42	Unable to cd:	/Users/tim/Projects/venvs/	 
ERROR	line:1	tim	2018/03/27 15:06:16	Unable to cd:	/Users/tim/Projects/venvs/	 
ERROR	line:1	tim	2018/03/27 15:06:16	Unable to list path:		 
ERROR	line:1	tim	2018/03/27 15:06:33	Unable to cd:	/Users/tim/Projects/venvs/	 
ERROR	line:1	tim	2018/03/27 15:22:45	Unable to cd:	/Users/tim/Projects/venvs/	 
ERROR	line:1	tim	2018/03/27 15:55:46	Unable to change directory:	arrrrrr	 
ERROR	line:1	tim	2018/03/27 15:55:46	Problem with GIT:	arrrrrr	 
ERROR	line:1	tim	2018/03/27 15:57:36	Unable to change directory:	aCCrrrrrr	 
ERROR	line:1	tim	2018/03/27 15:57:36	Problem with GIT:	aCCrrrrrr	 
ERROR	line:1	tim	2018/03/27 15:58:55	Unable to copy path:	/Users/tim/Projects/sublime_Projects/aCCx.sublime-project	 
ERROR	line:1	tim	2018/03/27 15:59:02	Unable to change directory:	aCCx	 
ERROR	line:1	tim	2018/03/27 15:59:02	Problem with GIT:	aCCx	 
ERROR	line:1	tim	2018/03/27 15:59:48	Unable to copy path:	/Users/tim/Projects/python3/aCCx/.	 
ERROR	line:1	tim	2018/03/27 15:59:57	Unable to change directory:	aCxxxCx	 
ERROR	line:1	tim	2018/03/27 15:59:57	Problem with GIT:	aCxxxCx	 
ERROR	line:1	tim	2018/03/27 16:00:37	Unable to change directory:	appp	 
ERROR	line:1	tim	2018/03/27 16:00:38	Problem with GIT:	appp	 
ERROR	line:1	tim	2018/03/27 16:06:04	Unable to copy path:	/Users/tim/Projects/sublime_Projects/aCCx.sublime-project	 
ERROR	line:1	tim	2018/03/27 16:39:12	Unable to list path:	/Users/tim/Projects/venvs/	 
ERROR	line:1	tim	2018/03/27 20:44:13	Unable to load:	sdsd	 
ERROR	line:1	tim	2018/03/27 20:44:36	Unable to load:	cp	 
ERROR	line:1	tim	2018/03/28 13:25:24	Unable to copy path:	/Users/tim/Projects/python3/manakin/	 
ERROR	line:1	tim	2018/03/28 13:29:35	Unable to load:	as	 
ERROR	line:1	tim	2018/03/28 22:22:23	Unable to load:	asdas	 
ERROR	line:1	tim	2018/03/29 00:18:34	Unable to copy path:	/Users/tim/Projects/python3/manakin/	 
ERROR	line:1	tim	2018/03/29 01:51:11	Unable to remove path:	/Users/tim/Projects/python3/aSDDFDDD/	 
ERROR	line:1	tim	2018/03/30 01:09:52	Unable to copy path:	/Users/tim/Projects/python3/manakin/	 
ERROR	line:1	tim	2018/03/31 02:07:01	Unable to load:	dfsfd	 
ERROR	line:1	tim	2018/03/31 02:07:07	Unable to copy path:	/Users/tim/Projects/sublime_Projects/sdsd.sublime-project	 
