tim	2018/03/22	03:01:33	h			
tim	2018/03/22	03:01:35	l			
tim	2018/03/22	03:01:39	new			
tim	2018/03/22	03:08:07	t			
tim	2018/03/22	03:08:11	s	xxx		
tim	2018/03/22	03:15:58	h			
tim	2018/03/22	03:16:29	h			
tim	2018/03/22	03:17:46	h			
tim	2018/03/22	03:18:04	h			
tim	2018/03/22	03:19:45	h			
tim	2018/03/22	03:20:03	h			
tim	2018/03/22	03:20:06	h			
tim	2018/03/22	03:20:51	h			
tim	2018/03/22	03:22:06	h			
tim	2018/03/22	03:22:31	h			
tim	2018/03/22	03:22:56	h			
tim	2018/03/22	03:23:21	h			
tim	2018/03/22	03:24:59	h			
tim	2018/03/22	03:26:57	h			
tim	2018/03/22	03:28:07	h			
tim	2018/03/22	03:31:31	h			
tim	2018/03/22	03:32:59	h			
tim	2018/03/22	03:33:55	h			
tim	2018/03/22	03:34:53	h			
tim	2018/03/22	03:35:37	h			
tim	2018/03/22	03:35:56	h			
tim	2018/03/22	03:36:19	h			
tim	2018/03/22	03:36:43	h			
tim	2018/03/22	03:37:18	h			
tim	2018/03/22	03:41:26	h			
tim	2018/03/22	03:42:04	h			
tim	2018/03/22	03:42:54	h			
tim	2018/03/22	03:43:10	h			
tim	2018/03/22	03:43:52	h			
tim	2018/03/22	03:44:21	h			
tim	2018/03/22	03:44:37	h			
tim	2018/03/22	03:46:18	h			
tim	2018/03/22	03:46:23	h			
tim	2018/03/22	03:47:37	h			
tim	2018/03/22	03:48:25	h			
tim	2018/03/22	03:49:14	h			
tim	2018/03/22	03:49:56	h			
tim	2018/03/22	03:52:49	h			
tim	2018/03/22	04:16:50	cd			
tim	2018/03/22	04:23:28	cd			
tim	2018/03/22	04:25:24	new			
tim	2018/03/22	04:35:40				
tim	2018/03/22	04:35:47	cd			
tim	2018/03/22	04:36:16	cd			
tim	2018/03/22	04:37:24	cd			
tim	2018/03/22	04:37:53	cd			
tim	2018/03/22	04:38:09				
tim	2018/03/22	04:38:16	anbbbbbbcccccccc			
tim	2018/03/22	04:38:45	cd			
tim	2018/03/22	04:40:50				
tim	2018/03/22	04:40:54	cd			
tim	2018/03/22	13:06:25	cd			
tim	2018/03/22	13:06:56	scrapebase			
tim	2018/03/22	13:07:05	l			
tim	2018/03/22	13:07:19	rm	adrt		
tim	2018/03/22	13:07:56	cd			
tim	2018/03/22	13:10:15	cd	new		
tim	2018/03/22	13:19:45	cd	new		
tim	2018/03/22	13:19:50				
tim	2018/03/22	13:19:52	cd			
tim	2018/03/22	13:20:00	cd	new		
tim	2018/03/22	13:20:32	cd	new		
tim	2018/03/22	13:21:09	cd	new		
tim	2018/03/22	13:21:19	cd	bbref		
tim	2018/03/22	13:21:31	cd	bbref		
tim	2018/03/22	13:22:04	cd	bbref		
tim	2018/03/22	13:22:28	cd			
tim	2018/03/22	13:22:47	l			
tim	2018/03/22	13:23:00	cd	ajjjfjfjfj		
tim	2018/03/22	13:23:23	cd	dunzo		
tim	2018/03/22	13:26:32	l			
tim	2018/03/22	13:26:39	c	aaaaa		
tim	2018/03/22	13:29:21	l			
tim	2018/03/22	13:29:24	cd			
tim	2018/03/22	13:29:32	cd	youtern		
tim	2018/03/22	13:29:40	cd	youterb		
tim	2018/03/22	13:32:43	cd			
tim	2018/03/22	13:33:24	cd	tree		
tim	2018/03/22	13:33:29	cd			
tim	2018/03/22	13:33:36	l			
tim	2018/03/22	13:34:16	l			
tim	2018/03/22	13:34:20	cd			
tim	2018/03/22	13:40:10	l			
tim	2018/03/22	13:40:14	cd			
tim	2018/03/22	13:40:19	cd	ffffff		
tim	2018/03/22	13:40:30	cd	new		
tim	2018/03/22	13:40:41	cd	aaaaa		
tim	2018/03/22	13:40:54	scrapebase			
tim	2018/03/22	13:46:34	c	azzzzzzzzz		
tim	2018/03/22	13:52:56	c	azccc		
tim	2018/03/22	13:54:28	c	azccczz		
tim	2018/03/22	22:19:13	c	azccczzxx		
tim	2018/03/22	22:20:35	r	azccczzxx		
tim	2018/03/22	22:20:42	rm	azccczzxx		
tim	2018/03/22	22:20:51	c	assdddfffg		
tim	2018/03/22	22:23:15	c	asvvv		
tim	2018/03/22	22:23:25	rm	asvvv		
tim	2018/03/22	23:02:35				
tim	2018/03/22	23:10:43				
tim	2018/03/22	23:10:51				
tim	2018/03/22	23:10:56	l			
tim	2018/03/22	23:11:21	l			
tim	2018/03/22	23:11:38	l			
tim	2018/03/22	23:11:43	cd			
tim	2018/03/22	23:11:45	l			
tim	2018/03/22	23:12:05	l			
tim	2018/03/22	23:12:16	l			
tim	2018/03/22	23:24:38	l			
tim	2018/03/22	23:26:44	l			
tim	2018/03/22	23:26:46	l			
tim	2018/03/22	23:29:15	l			
tim	2018/03/22	23:32:45	new			
tim	2018/03/22	23:32:57	c	list		
tim	2018/03/22	23:33:03				
tim	2018/03/22	23:33:10	list			
tim	2018/03/22	23:33:17	l			
tim	2018/03/22	23:33:20				
tim	2018/03/22	23:33:32	rm	list		
tim	2018/03/22	23:38:17	ls	-Gp		
tim	2018/03/22	23:38:41	ls	-Gp		
tim	2018/03/22	23:38:47	ls	-Gp		
tim	2018/03/22	23:43:52	new			
tim	2018/03/22	23:51:46	new			
tim	2018/03/22	23:51:51	list			
tim	2018/03/22	23:51:58	t			
tim	2018/03/22	23:52:02				
tim	2018/03/22	23:52:07	c	list		
tim	2018/03/22	23:52:14	c	listss		
tim	2018/03/22	23:52:19	r	listss		
tim	2018/03/22	23:52:29	rm	listss		
tim	2018/03/22	23:52:43	c	list		
tim	2018/03/22	23:52:47	c	rm		
tim	2018/03/22	23:53:25	c	rm		
tim	2018/03/22	23:53:48	c	rm		
tim	2018/03/22	23:53:57	c	list		
tim	2018/03/22	23:54:17	c	list		
tim	2018/03/22	23:57:12	c	list		
tim	2018/03/22	23:57:15				
tim	2018/03/22	23:57:20	c	list		
tim	2018/03/22	23:57:25				
tim	2018/03/22	23:57:27	c	asdadasdas		
tim	2018/03/23	00:03:36	l			
tim	2018/03/23	00:09:35	l			
tim	2018/03/23	00:09:39	l			
tim	2018/03/23	00:09:42	h			
tim	2018/03/23	00:09:53	h			
tim	2018/03/23	00:10:28	h			
tim	2018/03/23	00:13:23	h			
tim	2018/03/23	00:13:25				
tim	2018/03/23	00:14:12				
tim	2018/03/23	00:14:35				
tim	2018/03/23	00:15:31				
tim	2018/03/23	00:16:02				
tim	2018/03/23	00:17:07				
tim	2018/03/23	00:32:00				
tim	2018/03/23	00:33:48	c	ls		
tim	2018/03/23	00:34:41	c	ls		
tim	2018/03/23	00:35:20	c	ls		
tim	2018/03/23	00:39:38	c	ls		
tim	2018/03/23	00:40:05	c	ls		
tim	2018/03/23	00:40:53	c	ls		
tim	2018/03/23	00:42:51	c	ls		
tim	2018/03/23	00:43:53	c	ls		
tim	2018/03/23	00:49:35	c	ls		
tim	2018/03/23	00:49:41	c	asdadasdas		
tim	2018/03/23	00:50:18	c	asdadasdasddd		
tim	2018/03/23	00:50:31	c	help		
tim	2018/03/23	00:52:52	c	help		
tim	2018/03/23	00:53:09	c	help		
tim	2018/03/23	00:55:06	c	help		
tim	2018/03/23	00:55:24	c	help		
tim	2018/03/23	00:57:42	c	help		
tim	2018/03/23	01:05:28	c	help		
tim	2018/03/23	01:16:59	c	help		
tim	2018/03/23	01:17:07	c	h		
tim	2018/03/23	01:19:56				
tim	2018/03/23	01:20:07	rm	assdddfffg		
tim	2018/03/23	01:22:45				
tim	2018/03/23	01:22:48	c	ls		
tim	2018/03/23	01:32:16				
tim	2018/03/23	01:32:27	rm	azzzzzzzzz		
tim	2018/03/23	01:32:32				
tim	2018/03/23	01:32:34	h			
tim	2018/03/23	01:32:36	c	ls		
tim	2018/03/23	01:32:47	h			
tim	2018/03/23	01:33:29	h			
tim	2018/03/23	01:33:30	l			
tim	2018/03/23	01:45:30	l			
tim	2018/03/23	02:45:06	h			
tim	2018/03/23	02:47:58	l			
tim	2018/03/23	02:48:49	h			
tim	2018/03/23	02:48:51				
tim	2018/03/23	02:48:57	t			
tim	2018/03/23	02:48:59				
tim	2018/03/23	02:59:33	s	aa		
tim	2018/03/23	02:59:35	s	a		
tim	2018/03/23	02:59:38	s	z		
tim	2018/03/23	02:59:54	s	azccc		
tim	2018/03/23	03:00:09	s	t		
tim	2018/03/23	03:00:14	s	sa		
tim	2018/03/23	03:00:17	s	re		
tim	2018/03/23	03:00:20				
tim	2018/03/23	03:00:24	h			
tim	2018/03/23	03:00:26	t			
tim	2018/03/23	03:00:30	l			
tim	2018/03/23	03:16:25				
tim	2018/03/23	03:16:28	l			
tim	2018/03/23	03:16:31	aaaaa			
tim	2018/03/23	03:16:35	bbref			
tim	2018/03/23	03:16:44	cd			
tim	2018/03/23	03:16:53	cd	foodwheel		
tim	2018/03/23	03:19:44				
tim	2018/03/23	03:19:51	c	aTIM		
tim	2018/03/23	03:21:03				
tim	2018/03/23	03:21:12	foodwheel			
tim	2018/03/23	03:21:44	ls	-Gp		
tim	2018/03/23	03:21:45	h			
tim	2018/03/23	03:21:48	t			
tim	2018/03/23	03:21:50	s	ar		
tim	2018/03/23	03:32:10	ls	-Gp		
tim	2018/03/23	03:32:14	h			
tim	2018/03/23	03:32:57				
tim	2018/03/23	03:32:59	h			
tim	2018/03/23	03:33:04				
tim	2018/03/23	03:33:13	r	asdadasdas		
tim	2018/03/23	03:33:28	rm	asdadasdas		
tim	2018/03/23	03:47:37	cd			
tim	2018/03/23	03:47:49	new			
tim	2018/03/23	03:47:52	cd			
tim	2018/03/23	03:48:03	bbref			
tim	2018/03/23	03:48:17	cd			
tim	2018/03/23	03:48:47				
tim	2018/03/23	03:48:57	rm	azccc		
tim	2018/03/23	04:02:23				
tim	2018/03/23	04:02:48				
tim	2018/03/23	04:03:03				
tim	2018/03/23	04:03:16				
tim	2018/03/23	04:03:33				
tim	2018/03/23	04:04:45				
tim	2018/03/23	04:04:55				
tim	2018/03/23	04:10:53				
tim	2018/03/23	04:10:56	c	aasdasdsadsad		
tim	2018/03/23	04:17:19	p			
tim	2018/03/23	04:18:02				
tim	2018/03/23	04:18:20	flask_ant			
tim	2018/03/23	04:18:29	cd			
tim	2018/03/23	04:20:00				
tim	2018/03/23	04:20:41				
tim	2018/03/23	04:20:56				
tim	2018/03/23	04:22:39				
tim	2018/03/23	04:22:57				
tim	2018/03/23	04:23:02				
tim	2018/03/23	04:24:04				
tim	2018/03/23	04:24:16				
tim	2018/03/23	04:24:31				
tim	2018/03/23	04:24:42				
tim	2018/03/23	04:24:52				
tim	2018/03/23	04:25:16				
tim	2018/03/23	04:25:23				
tim	2018/03/23	04:25:43				
tim	2018/03/23	04:28:33				
tim	2018/03/23	04:28:55				
tim	2018/03/23	04:29:13				
tim	2018/03/23	04:29:25				
tim	2018/03/23	04:31:15				
tim	2018/03/23	04:31:31				
tim	2018/03/23	04:33:03				
tim	2018/03/23	04:33:15				
tim	2018/03/23	04:34:00				
tim	2018/03/23	04:34:20				
tim	2018/03/23	04:34:48				
tim	2018/03/23	04:35:03				
tim	2018/03/23	04:36:22				
tim	2018/03/23	04:36:25	h			
tim	2018/03/23	04:37:24	h			
tim	2018/03/23	04:37:40	h			
tim	2018/03/23	04:38:09	h			
tim	2018/03/23	04:38:29	h			
tim	2018/03/23	04:38:47	h			
tim	2018/03/23	04:39:17	h			
tim	2018/03/23	04:39:37	h			
tim	2018/03/23	04:40:10	h			
tim	2018/03/23	04:40:24	h			
tim	2018/03/23	04:40:33	h			
tim	2018/03/23	04:41:16	h			
tim	2018/03/23	04:41:24	h			
tim	2018/03/23	04:41:33	h			
tim	2018/03/23	04:41:58	h			
tim	2018/03/23	04:42:14	h			
tim	2018/03/23	04:42:31	h			
tim	2018/03/23	04:43:16	h			
tim	2018/03/23	04:43:40	h			
tim	2018/03/23	04:43:55	h			
tim	2018/03/23	04:44:54	h			
tim	2018/03/23	04:45:02	h			
tim	2018/03/23	04:45:28	h			
tim	2018/03/23	04:46:17	h			
tim	2018/03/23	04:46:28	h			
tim	2018/03/23	04:46:55	h			
tim	2018/03/23	04:47:08	h			
tim	2018/03/23	04:47:15	h			
tim	2018/03/23	04:47:39	h			
tim	2018/03/23	04:47:54	h			
tim	2018/03/23	04:49:44	h			
tim	2018/03/23	04:50:03	h			
tim	2018/03/23	04:50:12	h			
tim	2018/03/23	04:50:19	h			
tim	2018/03/23	04:50:27	h			
tim	2018/03/23	04:50:43	h			
tim	2018/03/23	04:50:51	h			
tim	2018/03/23	04:51:12	h			
tim	2018/03/23	04:51:32	h			
tim	2018/03/23	04:51:34	h			
tim	2018/03/23	04:51:40	h			
tim	2018/03/23	04:52:03	h			
tim	2018/03/23	04:52:16	h			
tim	2018/03/23	04:53:32	h			
tim	2018/03/23	04:56:11	h			
tim	2018/03/23	04:56:13	l			
tim	2018/03/23	04:58:22	h			
tim	2018/03/23	04:58:30	h			
tim	2018/03/23	05:01:12	h			
tim	2018/03/23	05:01:22	h			
tim	2018/03/23	05:01:49	h			
tim	2018/03/23	05:02:13	h			
tim	2018/03/23	05:02:21	h			
tim	2018/03/23	05:02:30	h			
tim	2018/03/23	05:07:01	h			
tim	2018/03/23	05:07:08	h			
tim	2018/03/23	05:07:10	h			
tim	2018/03/23	05:07:36				
tim	2018/03/23	05:07:46				
tim	2018/03/23	05:09:48				
tim	2018/03/23	05:10:23				
tim	2018/03/23	05:10:25	h			
tim	2018/03/23	05:10:32	p			
tim	2018/03/23	05:11:05	h			
tim	2018/03/23	05:11:18				
tim	2018/03/23	05:16:16	h			
tim	2018/03/23	05:16:25	h			
tim	2018/03/23	05:16:29	h			
tim	2018/03/23	05:16:30				
tim	2018/03/23	16:43:41	ls	-Gp		
tim	2018/03/24	00:45:28				
tim	2018/03/24	00:46:02				
tim	2018/03/24	00:46:06	bbref			
tim	2018/03/24	00:54:14				
tim	2018/03/24	00:54:24	rm	aasdasdsadsad		
tim	2018/03/24	00:54:51	rm	asdadasdasddd		
tim	2018/03/24	00:54:59	c	askkkk		
tim	2018/03/24	00:55:06				
tim	2018/03/24	00:55:12	rm	aTIM		
tim	2018/03/24	00:55:15				
tim	2018/03/24	00:55:19	rm	azccczz		
tim	2018/03/24	00:55:21				
tim	2018/03/24	00:55:27	rm	aaaaa		
tim	2018/03/24	00:55:31	c	awwww		
tim	2018/03/24	00:55:38	c	arrrrrr		
tim	2018/03/24	00:55:44	rm	arrrrrr		
tim	2018/03/24	00:55:48	c	aeeee		
tim	2018/03/24	00:55:51				
tim	2018/03/24	00:57:14	t			
tim	2018/03/24	00:57:42	c	azzz		
tim	2018/03/24	01:00:51	c	axxxxxxx		
tim	2018/03/24	01:06:50	c	aTIP		
tim	2018/03/24	01:09:43	rm	aTIP		
tim	2018/03/24	01:09:48	c	aZXXX		
tim	2018/03/24	01:21:06	c	AAWWQQQ		
tim	2018/03/24	01:22:24	c	AAWWQxxx		
tim	2018/03/24	01:24:21	c	AAWWQxxxdf		
tim	2018/03/24	01:24:35	rm	AAWWQxxxdf		
tim	2018/03/24	01:25:40	c	azzzzz		
tim	2018/03/24	01:25:45	rm	azzzzz		
tim	2018/03/24	01:42:18	c	AKOPP		
tim	2018/03/24	01:42:27	rm	AKOPP		
tim	2018/03/24	01:42:51	rest	AKOPP		
tim	2018/03/24	01:43:03	t			
tim	2018/03/24	01:43:11	r	AKOPP		
tim	2018/03/24	01:45:09	c	aqqqqq		
tim	2018/03/24	01:58:26				
tim	2018/03/24	03:21:08	c	aiiiiiiii		
tim	2018/03/24	03:21:58	rm	aiiiiiiii		
tim	2018/03/24	03:23:27	c	azzzzzz		
tim	2018/03/24	03:24:08	c	azzzzzzsss		
tim	2018/03/24	03:25:51	c	azzzzzzssszzz		
tim	2018/03/24	03:28:26	rm	azzzzzzssszzz		
tim	2018/03/24	03:28:32	c	aUUU		
tim	2018/03/24	03:32:33	rm	aUUU		
tim	2018/03/24	03:32:37	c	aUsssc		
tim	2018/03/24	03:40:25	c	aUssscZZZZZ		
tim	2018/03/24	03:40:54	rm	aUssscZZZZZ		
tim	2018/03/24	03:46:53	c	aaaaaaas		
tim	2018/03/24	03:47:00	rm	aaaaaaas		
tim	2018/03/24	03:52:27	c	aaaaaaasssssss		
tim	2018/03/24	03:52:33	r	aaaaaaasssssss		
tim	2018/03/24	03:52:38	rm	aaaaaaasssssss		
tim	2018/03/24	03:57:44				
tim	2018/03/24	03:57:56	cpy	AAWWQQQ	ajjjj	
tim	2018/03/24	03:59:54				
tim	2018/03/24	04:00:32	copy	flask_ant	aXXXXX	
tim	2018/03/24	04:01:18				
tim	2018/03/24	04:01:24	rm	aXXXXX		
tim	2018/03/24	04:01:32	c	AWWWQQ		
tim	2018/03/24	04:01:38	rm	AWWWQQ		
tim	2018/03/24	04:03:22	r	AWWWQQ		
tim	2018/03/24	04:03:35	copy	AWWWQQ	AOOOOOOOOOOOOOO	
tim	2018/03/24	04:10:28				
tim	2018/03/24	04:10:49	ls	-Gp		
tim	2018/03/24	04:10:51	cd			
tim	2018/03/24	04:11:02				
tim	2018/03/24	04:11:12	c	Atom		
tim	2018/03/24	04:11:25	copy	Atom	ABETA	
tim	2018/03/24	04:13:53				
tim	2018/03/24	04:13:58	rm	ABETA		
tim	2018/03/24	04:15:38				
tim	2018/03/24	04:15:49	c	Atom	AIIIII	
tim	2018/03/24	04:16:07	cpy	Atom	AIIIII	
tim	2018/03/24	04:17:18	c	AQWERt		
tim	2018/03/24	04:17:28	rm	AQWERt		
tim	2018/03/24	04:17:32	r	AQWERt		
tim	2018/03/24	04:17:44	copy	AQWERt	A1sauce	
tim	2018/03/24	04:21:01	copy	AQWERt	A1kkk	
tim	2018/03/24	04:22:11	copy	AQWERt	A66666	
tim	2018/03/24	04:24:06	t			
tim	2018/03/24	04:24:14	r	ABETA		
tim	2018/03/24	04:32:19				
tim	2018/03/24	04:32:27	rm	A1kkk		
tim	2018/03/24	04:32:31	rm	A1sauce		
tim	2018/03/24	04:32:32				
tim	2018/03/24	04:32:37	rm	ABETA		
tim	2018/03/24	04:32:40				
tim	2018/03/24	04:32:45	rm	AOOOOOOOOOOOOOO		
tim	2018/03/24	04:32:48	t			
tim	2018/03/24	04:32:50				
tim	2018/03/24	04:33:01	rm	Atom		
tim	2018/03/24	04:33:42	s	as		
tim	2018/03/24	04:33:51	scrapebase			
tim	2018/03/24	04:40:57	c	ls		
tim	2018/03/24	04:52:39	h			
tim	2018/03/24	04:53:02	h			
tim	2018/03/24	04:53:40	h			
tim	2018/03/24	04:54:17	h			
tim	2018/03/24	04:54:20				
tim	2018/03/24	04:54:29	help			
tim	2018/03/24	04:55:44	help			
tim	2018/03/24	04:56:07	help			
tim	2018/03/24	04:56:12	h			
tim	2018/03/24	04:56:15	hist			
tim	2018/03/24	04:56:23	history			
tim	2018/03/24	04:56:33	history	3		
tim	2018/03/24	04:57:10	l			
tim	2018/03/24	04:57:15	t			
tim	2018/03/24	04:57:52	c	ajjdjdjdjd		
tim	2018/03/24	04:59:10	copy	ajjdjdjdjd	aiiiiit	
tim	2018/03/24	04:59:19	rm	ajjdjdjdjd		
tim	2018/03/24	05:00:21	r	ajjdjdjdjd		
tim	2018/03/24	05:00:25	h			
tim	2018/03/24	05:00:28	p			
tim	2018/03/25	01:56:15				
tim	2018/03/25	01:56:22	c	ADHDHDDH		
tim	2018/03/25	01:56:40	h			
tim	2018/03/25	01:56:43	hist			
tim	2018/03/25	01:57:18	t			
tim	2018/03/25	17:52:59	list			
tim	2018/03/25	17:53:02	c	list		
tim	2018/03/25	17:53:30	c	list		
tim	2018/03/25	17:53:48				
tim	2018/03/25	17:53:52	c	ls		
tim	2018/03/25	17:54:14	c	ls		
tim	2018/03/25	17:55:12	c	ls		
tim	2018/03/25	18:08:08	c	awwwwwwwwop		
tim	2018/03/25	18:11:34	c	aZZZZM		
tim	2018/03/25	18:11:42	rm	aZZZZM		
tim	2018/03/25	18:12:11	c	AoAoAo		
tim	2018/03/25	18:12:25	c	AoAoAo		
tim	2018/03/25	18:26:19				
tim	2018/03/25	18:26:25	rm	A66666		
tim	2018/03/25	18:26:27				
tim	2018/03/25	18:26:33	rm	aiiiiit		
tim	2018/03/25	18:26:47	rm	ajjdjdjdjd		
tim	2018/03/25	18:29:20	c	AooPPPP		
tim	2018/03/25	18:29:27	rm	AooPPPP		
tim	2018/03/25	18:30:17	c	AjJjJ		
tim	2018/03/25	18:31:21				
tim	2018/03/25	18:31:29	c	Asosos		
tim	2018/03/25	18:31:51	rm	Asosos		
tim	2018/03/25	18:36:26				
tim	2018/03/25	18:36:30	cd	AQWERt		
tim	2018/03/25	21:23:31				
tim	2018/03/25	21:23:51	copy	AIIIII	Asssssdd	
tim	2018/03/25	21:23:57	c	aSSSSSSSSlo		
tim	2018/03/25	21:31:44				
tim	2018/03/25	21:31:52	rm	AQWERt		
tim	2018/03/25	21:43:13				
tim	2018/03/25	21:43:20	rm	AAWWQQQ		
tim	2018/03/25	21:45:17	rm	AAWWQQQ		
tim	2018/03/25	21:45:50	rm	AAWWQQQ		
tim	2018/03/25	21:59:22	rm	AAWWQQQ		
tim	2018/03/25	22:01:07	rm	AAWWQQQ		
tim	2018/03/25	22:01:24	c	list		
tim	2018/03/25	22:13:19	c	list		
tim	2018/03/25	22:13:25	c	adkdkddkdk		
tim	2018/03/25	22:23:15				
tim	2018/03/25	22:23:20	rm	AAWWQQQ		
tim	2018/03/25	22:24:26	c	aaxxxnn		
tim	2018/03/25	22:24:33	rm	aaxxxnn		
tim	2018/03/25	22:27:42	c	AOOOUUUi		
tim	2018/03/25	22:27:47	r	AOOOUUUi		
tim	2018/03/25	22:27:52	rm	AOOOUUUi		
tim	2018/03/25	22:34:06	c	assss		
tim	2018/03/25	22:34:11	rm	assss		
tim	2018/03/25	22:34:40	c	assss		
tim	2018/03/25	22:34:42	rm	assss		
tim	2018/03/25	22:37:54	c	asksksks		
tim	2018/03/25	22:38:01	c	aooop		
tim	2018/03/25	22:38:07	rm	aooop		
tim	2018/03/25	22:38:12				
tim	2018/03/25	22:38:16	ls	-Gp		
tim	2018/03/25	22:38:19	h			
tim	2018/03/25	22:38:22	hist			
tim	2018/03/25	22:38:29	t			
tim	2018/03/25	22:38:35	c	list		
tim	2018/03/25	22:44:30				
tim	2018/03/25	22:44:34	c	AHH		
tim	2018/03/25	22:44:39	c	list		
tim	2018/03/25	22:44:46	c	auuii		
tim	2018/03/25	22:54:55	ls	-Gp		
tim	2018/03/25	22:55:09	c	akkk		
tim	2018/03/25	22:55:39				
tim	2018/03/25	22:56:04				
tim	2018/03/25	22:58:15				
tim	2018/03/25	22:58:21	c	ayyy		
tim	2018/03/25	22:58:58				
tim	2018/03/25	22:59:01	list			
tim	2018/03/25	22:59:07	h			
tim	2018/03/25	23:03:13				
tim	2018/03/25	23:03:15	l			
tim	2018/03/25	23:03:18	c	awww		
tim	2018/03/25	23:03:24	rm	awww		
tim	2018/03/25	23:04:55				
tim	2018/03/25	23:04:58	t			
tim	2018/03/25	23:04:59	h			
tim	2018/03/25	23:13:19				
tim	2018/03/25	23:13:24	cd			
tim	2018/03/25	23:14:07				
tim	2018/03/25	23:14:29	auuii			
tim	2018/03/25	23:16:49	cd			
tim	2018/03/25	23:17:06	cd			
tim	2018/03/25	23:17:19	cd	ayyy		
tim	2018/03/25	23:17:26				
tim	2018/03/25	23:17:31	cd			
tim	2018/03/25	23:17:41	cd			
tim	2018/03/25	23:17:46	c	aqqoo		
tim	2018/03/25	23:20:46	cd	ayyy		
tim	2018/03/25	23:20:51	cd			
tim	2018/03/25	23:24:00				
tim	2018/03/25	23:24:03	h			
tim	2018/03/25	23:24:07	c	aqqqq		
tim	2018/03/25	23:24:14	rm	aqqqq		
tim	2018/03/25	23:30:22				
tim	2018/03/25	23:30:26	help			
tim	2018/03/25	23:31:39	help			
tim	2018/03/25	23:31:53	help			
tim	2018/03/25	23:32:34	help			
tim	2018/03/25	23:38:01				
tim	2018/03/25	23:38:05	c	aiii		
tim	2018/03/25	23:38:11	rm	aiii		
tim	2018/03/25	23:51:52				
tim	2018/03/25	23:51:54	h			
tim	2018/03/25	23:59:09	history			
tim	2018/03/26	00:00:28	l			
tim	2018/03/26	00:00:33	h			
tim	2018/03/26	00:00:38	history			
tim	2018/03/26	00:03:07	t			
tim	2018/03/26	00:03:28				
tim	2018/03/26	00:03:35	rm	akkk		
tim	2018/03/26	00:03:37	t			
tim	2018/03/26	00:03:43	r	akkk		
tim	2018/03/26	00:04:50				
tim	2018/03/26	00:04:59	copy	AHH	abbbb	
tim	2018/03/26	00:05:59	c	arrr		
tim	2018/03/26	00:06:06	rm	arrr		
tim	2018/03/26	00:06:52	c	azzz		
tim	2018/03/26	00:07:44				
tim	2018/03/26	00:07:50	auuii			
tim	2018/03/26	00:09:21				
tim	2018/03/26	00:09:24	l			
tim	2018/03/26	00:09:25	t			
tim	2018/03/26	00:09:35	r,	akkk		
tim	2018/03/26	00:09:38	rm	akkk		
tim	2018/03/26	00:09:57	c	AWW		
tim	2018/03/26	00:10:04	rm	AWW		
tim	2018/03/26	00:16:04				
tim	2018/03/26	00:16:20	c	aOO		
tim	2018/03/26	00:17:31	t			
tim	2018/03/26	00:17:40	history			
tim	2018/03/26	00:19:59	list			
tim	2018/03/26	00:20:43	list			
tim	2018/03/26	00:20:54	list			
tim	2018/03/26	00:20:58	h			
tim	2018/03/26	00:21:00				
tim	2018/03/26	00:28:24				
tim	2018/03/26	00:28:27	ls	-Gp		
tim	2018/03/26	00:28:35	ls	-Gp		
tim	2018/03/26	00:29:06	ls	-Gp		
tim	2018/03/26	00:29:24				
tim	2018/03/26	00:29:37	s	ar		
tim	2018/03/26	00:29:42	h			
tim	2018/03/26	00:29:45	hist			
tim	2018/03/26	00:30:17	hist			
tim	2018/03/26	00:31:32	c	ls		
tim	2018/03/26	00:31:44	c	ls		
tim	2018/03/26	00:40:26	c	ls		
tim	2018/03/26	00:48:56				
tim	2018/03/26	00:48:58	h			
tim	2018/03/26	00:50:41	h			
tim	2018/03/26	00:50:49				
tim	2018/03/26	00:52:46				
tim	2018/03/26	00:52:58				
tim	2018/03/26	01:09:38				
tim	2018/03/26	01:10:17				
tim	2018/03/26	01:11:55				
tim	2018/03/26	01:14:37				
tim	2018/03/26	01:15:31	l			
tim	2018/03/26	01:15:35	h			
tim	2018/03/26	01:21:14	h			
tim	2018/03/26	01:21:28	h			
tim	2018/03/26	01:22:35	h			
tim	2018/03/26	01:22:37	h			
tim	2018/03/26	01:22:57	h			
tim	2018/03/26	01:22:58	h			
tim	2018/03/26	01:23:07	h			
tim	2018/03/26	01:23:09				
tim	2018/03/26	01:23:14	h			
tim	2018/03/26	01:24:30	h			
tim	2018/03/26	01:24:33	h			
tim	2018/03/26	01:24:49	h			
tim	2018/03/26	01:25:32	h			
tim	2018/03/26	01:25:35	h			
tim	2018/03/26	01:40:52	h			
tim	2018/03/26	01:45:25	l			
tim	2018/03/26	01:48:57	rm	aqqoo		
tim	2018/03/26	01:50:55				
tim	2018/03/26	01:51:21				
tim	2018/03/26	01:51:28				
tim	2018/03/26	01:51:57	l			
tim	2018/03/26	01:52:07	h			
tim	2018/03/26	01:52:20	c	ajjj		
tim	2018/03/26	01:52:35	ajjj			
tim	2018/03/26	01:52:59	ls	-Gp		
tim	2018/03/26	01:53:02	l			
tim	2018/03/26	01:54:22				
tim	2018/03/26	01:54:26				
tim	2018/03/26	01:54:37	scrapebase			
tim	2018/03/26	01:56:42				
tim	2018/03/26	01:56:49	azzz			
tim	2018/03/26	01:58:23				
tim	2018/03/26	01:58:32	scrapebase			
tim	2018/03/26	02:00:43				
tim	2018/03/26	02:00:59	tree			
tim	2018/03/26	02:01:29	manakin			
tim	2018/03/26	02:02:56				
tim	2018/03/26	02:03:00	c	Amonkey		
tim	2018/03/26	02:03:17	dfdsf			
tim	2018/03/26	02:03:36	cd			
tim	2018/03/26	02:03:50	bbref			
tim	2018/03/26	02:34:43				
tim	2018/03/26	02:35:16	scrapebase			
tim	2018/03/26	02:42:04				
tim	2018/03/26	02:43:24	azzz			
tim	2018/03/26	02:43:26	h			
tim	2018/03/26	02:43:28	hist			
tim	2018/03/26	02:43:30	help			
tim	2018/03/26	02:43:34	cd			
tim	2018/03/26	02:44:13	ls	-Gp		
tim	2018/03/26	02:44:15	l			
tim	2018/03/26	02:44:22	r	aOO		
tim	2018/03/26	02:44:48	rm	aOO		
tim	2018/03/26	02:45:00	rm	aOOddd		
tim	2018/03/26	02:51:05	rm	aOOddddd		
tim	2018/03/26	02:51:14	rm	aOOddddddd		
tim	2018/03/26	02:55:59	rm	aOOddddddd		
tim	2018/03/26	02:56:43	c	auuwywy		
tim	2018/03/26	02:56:58				
tim	2018/03/26	02:57:00				
tim	2018/03/26	02:57:06	list			
tim	2018/03/26	02:57:12	azzz			
tim	2018/03/26	02:57:19	rm	dddffff		
tim	2018/03/26	02:59:52	rm	aOOdddddddddd		
tim	2018/03/26	03:08:58	rm	aOOddddddddddss		
tim	2018/03/26	03:09:37	rm	aOOddddddddddss		
tim	2018/03/26	03:10:56	rm	aOOddddddddddss		
tim	2018/03/26	03:11:11	r	ddjdj		
tim	2018/03/26	03:12:43				
tim	2018/03/26	03:12:50	rm	ajjj		
tim	2018/03/26	03:19:37	rm	dsdsd		
tim	2018/03/26	03:22:27				
tim	2018/03/26	03:22:55				
tim	2018/03/26	03:23:12	c	aeeee		
tim	2018/03/26	03:25:57				
tim	2018/03/26	03:26:02				
tim	2018/03/26	03:27:43				
tim	2018/03/26	03:27:57	list			
tim	2018/03/26	03:29:17				
tim	2018/03/26	03:29:22				
tim	2018/03/26	03:29:46				
tim	2018/03/26	03:35:47				
tim	2018/03/26	03:36:37				
tim	2018/03/26	03:36:41				
tim	2018/03/26	03:40:19				
tim	2018/03/26	03:40:24				
tim	2018/03/26	03:41:03				
tim	2018/03/26	03:42:34				
tim	2018/03/26	03:43:30				
tim	2018/03/26	03:43:47				
tim	2018/03/26	03:44:58				
tim	2018/03/26	03:49:09				
tim	2018/03/26	03:49:56				
tim	2018/03/26	03:50:12				
tim	2018/03/26	03:50:34				
tim	2018/03/26	03:53:58				
tim	2018/03/26	03:54:04	rm	abbbb		
tim	2018/03/26	03:54:05				
tim	2018/03/26	03:54:10	rm	asksksks		
tim	2018/03/26	03:54:11				
tim	2018/03/26	03:55:32	ls	-Gp	ssdsd	
tim	2018/03/26	03:56:01				
tim	2018/03/26	03:56:29				
tim	2018/03/26	03:57:15				
tim	2018/03/26	03:57:46	rm	auuwywy		
tim	2018/03/26	03:58:00	t			
tim	2018/03/26	03:58:15	r	abbbb		
tim	2018/03/26	03:58:17				
tim	2018/03/26	03:58:24	s	ass		
tim	2018/03/26	03:58:27	s	as		
tim	2018/03/26	03:58:30				
tim	2018/03/26	03:58:57	bbref			
tim	2018/03/26	04:00:48	ssdfsdf			
tim	2018/03/26	04:03:59				
tim	2018/03/26	04:04:05	rm	aeeee		
tim	2018/03/26	04:05:47	ls	-Gl		
tim	2018/03/26	04:07:23				
tim	2018/03/26	04:07:25	ls	-Gl		
tim	2018/03/26	04:07:27				
tim	2018/03/26	04:07:34	t			
tim	2018/03/26	04:07:44	r	aeeee		
tim	2018/03/26	04:08:02				
tim	2018/03/26	04:08:23				
tim	2018/03/26	04:08:27	c	asdasdasda		
tim	2018/03/26	04:10:57				
tim	2018/03/26	04:11:00	rm	abbbb		
tim	2018/03/26	04:11:42	ssdfdsf			
tim	2018/03/26	04:12:08	ssdfdsf			
tim	2018/03/26	04:13:12				
tim	2018/03/26	04:13:14	sfdfds			
tim	2018/03/26	04:14:07				
tim	2018/03/26	04:14:09	ls	-Gl		
tim	2018/03/26	04:14:34				
tim	2018/03/26	04:14:38	azzz			
tim	2018/03/26	04:14:43	c	asdasdasdsa		
tim	2018/03/26	04:17:42				
tim	2018/03/26	04:18:20				
tim	2018/03/26	04:18:59	scrapebase			
tim	2018/03/26	04:21:43				
tim	2018/03/26	04:21:50	bbref			
tim	2018/03/26	04:22:51				
tim	2018/03/26	04:23:54				
tim	2018/03/26	04:23:59	h			
tim	2018/03/26	04:24:07	g			
tim	2018/03/26	04:24:09				
tim	2018/03/26	04:24:13	l			
tim	2018/03/26	04:25:02	l			
tim	2018/03/26	04:25:17	l			
tim	2018/03/26	04:25:25	rm	aeeee		
tim	2018/03/26	04:27:14	c	ajjjjjd		
tim	2018/03/26	04:27:51	r	ajjjjjd		
tim	2018/03/26	04:27:58	rm	ajjjjjd		
tim	2018/03/26	04:28:58	l			
tim	2018/03/26	04:29:52	ssdsdsd			
tim	2018/03/26	04:30:45	l			
tim	2018/03/26	04:30:47				
tim	2018/03/26	04:31:20				
tim	2018/03/26	04:33:13	l			
tim	2018/03/26	04:33:17	s	as		
tim	2018/03/26	04:33:19	t			
tim	2018/03/26	04:34:20				
tim	2018/03/26	04:34:30	rm	asdasdasd		
tim	2018/03/26	04:34:50	rm	asdasdasda		
tim	2018/03/26	04:35:45	cpy	ayyy	aUYOU	
tim	2018/03/26	04:35:49				
tim	2018/03/26	04:38:25				
tim	2018/03/26	04:40:35	l			
tim	2018/03/26	04:40:37	h			
tim	2018/03/26	04:40:39	hist			
tim	2018/03/26	04:41:02	hist	23		
tim	2018/03/26	04:41:09	paths			
tim	2018/03/26	04:41:24	paths	true		
tim	2018/03/26	04:41:51	h			
tim	2018/03/26	04:42:16				
tim	2018/03/26	04:42:21	h			
tim	2018/03/26	04:56:12	c	awwpepep		
tim	2018/03/26	04:58:38				
tim	2018/03/26	04:58:43	h			
tim	2018/03/26	04:59:19	h			
tim	2018/03/26	04:59:28	l			
tim	2018/03/26	04:59:32	c	asdadsad		
tim	2018/03/26	04:59:44	h			
tim	2018/03/26	04:59:51				
tim	2018/03/26	05:00:01				
tim	2018/03/26	05:00:47				
tim	2018/03/26	05:00:49	l			
tim	2018/03/26	05:00:53	h			
tim	2018/03/26	05:00:58	hist			
tim	2018/03/26	05:02:21	hist			
tim	2018/03/26	05:02:24				
tim	2018/03/26	05:02:41				
tim	2018/03/26	05:02:52	h			
tim	2018/03/26	05:03:08	l			
tim	2018/03/26	05:03:23	l			
tim	2018/03/26	05:03:31	l			
tim	2018/03/26	05:03:37				
tim	2018/03/26	05:03:39	h			
tim	2018/03/26	05:03:45	hist			
tim	2018/03/26	05:03:50				
tim	2018/03/26	05:03:56	rm	asdadsad		
tim	2018/03/26	05:04:03				
tim	2018/03/26	05:05:30	l			
tim	2018/03/26	05:06:20				
tim	2018/03/26	05:06:27				
tim	2018/03/26	05:06:52	hist			
tim	2018/03/26	05:06:58	hist	3		
tim	2018/03/26	05:07:01	h			
tim	2018/03/26	05:07:08	t			
tim	2018/03/26	05:07:12	l			
tim	2018/03/26	05:07:54				
tim	2018/03/26	05:08:15	h			
tim	2018/03/26	05:33:12				
tim	2018/03/26	05:37:19				
tim	2018/03/26	05:37:26	asdasdasdsa			
tim	2018/03/26	13:41:21				
tim	2018/03/26	13:45:40				
tim	2018/03/26	13:45:42	h			
tim	2018/03/26	13:45:44	list			
tim	2018/03/26	13:45:47	h			
tim	2018/03/26	13:45:49	t			
tim	2018/03/26	13:46:08	r	aOOddddd		
tim	2018/03/26	13:46:56	r	asdadsad		
tim	2018/03/27	10:06:44				
tim	2018/03/27	10:06:49	l			
tim	2018/03/27	10:06:56				
tim	2018/03/27	11:15:49				
tim	2018/03/27	11:25:16				
tim	2018/03/27	12:03:09				
tim	2018/03/27	12:03:11	h			
tim	2018/03/27	12:05:50	rm	dfsfd		
tim	2018/03/27	12:07:02				
tim	2018/03/27	12:07:27				
tim	2018/03/27	12:08:49				
tim	2018/03/27	12:08:51	h			
tim	2018/03/27	12:08:59	c	ls		
tim	2018/03/27	12:10:22				
tim	2018/03/27	12:10:32	c	AGFGFGFGF		
tim	2018/03/27	12:10:39	hist			
tim	2018/03/27	12:13:23	hist			
tim	2018/03/27	12:13:25	hist	3		
tim	2018/03/27	12:20:28	hist			
tim	2018/03/27	12:20:30	hist			
tim	2018/03/27	12:20:33	hist	5		
tim	2018/03/27	12:37:42				
tim	2018/03/27	12:38:01	rm	aOOddddd		
tim	2018/03/27	12:38:14	rm	asdadsad		
tim	2018/03/27	12:38:21	c	aTTT		
tim	2018/03/27	12:38:27	rm	aTTT		
tim	2018/03/27	12:38:32	r	aTTT		
tim	2018/03/27	12:38:39	rm	aTTT		
tim	2018/03/27	14:13:32				
tim	2018/03/27	14:13:35	t			
tim	2018/03/27	14:15:04				
tim	2018/03/27	14:15:07	c	list		
tim	2018/03/27	14:15:13	c	appp		
tim	2018/03/27	14:15:18	c	accc		
tim	2018/03/27	14:15:24	c	addddd		
tim	2018/03/27	14:15:27				
tim	2018/03/27	14:15:35	rm	accc		
tim	2018/03/27	14:15:54	t			
tim	2018/03/27	14:16:06	r	accc		
tim	2018/03/27	14:17:34				
tim	2018/03/27	14:17:38	h			
tim	2018/03/27	14:22:51	--version			
tim	2018/03/27	14:24:21				
tim	2018/03/27	14:26:43				
tim	2018/03/27	14:26:51	--version			
tim	2018/03/27	14:26:54	--version			
tim	2018/03/27	14:27:17	--version			
tim	2018/03/27	14:28:38	c	axxxx		
tim	2018/03/27	14:28:41				
tim	2018/03/27	14:28:46	l			
tim	2018/03/27	14:28:48	t			
tim	2018/03/27	14:28:55	rm	accc		
tim	2018/03/27	14:28:57	t			
tim	2018/03/27	14:28:59				
tim	2018/03/27	14:29:02	rm	appp		
tim	2018/03/27	14:29:06	c	afffff		
tim	2018/03/27	14:29:12	rm	afffff		
tim	2018/03/27	14:29:19	r	afffff		
tim	2018/03/27	14:31:00	h			
tim	2018/03/27	14:31:03	hist			
tim	2018/03/27	14:31:07				
tim	2018/03/27	14:31:11	addddd			
tim	2018/03/27	14:31:41				
tim	2018/03/27	14:32:14	c	aqqq		
tim	2018/03/27	14:32:30				
tim	2018/03/27	14:32:36	bbref			
tim	2018/03/27	14:32:54	aqqq			
tim	2018/03/27	14:33:08	rm	aqqq		
tim	2018/03/27	14:33:12	r	aqqq		
tim	2018/03/27	14:34:07				
tim	2018/03/27	14:34:11	afffff			
tim	2018/03/27	14:34:19	aqqq			
tim	2018/03/27	14:34:28				
tim	2018/03/27	14:45:37				
tim	2018/03/27	14:45:39				
tim	2018/03/27	14:45:41	l			
tim	2018/03/27	14:45:49				
tim	2018/03/27	14:45:52	addddd			
tim	2018/03/27	14:45:56	c	asss		
tim	2018/03/27	14:46:02	rm	asss		
tim	2018/03/27	14:56:29				
tim	2018/03/27	14:58:38				
tim	2018/03/27	14:58:40	l			
tim	2018/03/27	14:58:42	list			
tim	2018/03/27	14:58:44	h			
tim	2018/03/27	14:58:47	hist			
tim	2018/03/27	14:58:48	t			
tim	2018/03/27	14:58:50	l			
tim	2018/03/27	15:01:35				
tim	2018/03/27	15:01:37	l			
tim	2018/03/27	15:02:04	l			
tim	2018/03/27	15:02:05	l			
tim	2018/03/27	15:03:09	l			
tim	2018/03/27	15:03:41	l			
tim	2018/03/27	15:04:15				
tim	2018/03/27	15:04:18				
tim	2018/03/27	15:04:23				
tim	2018/03/27	15:04:42	l			
tim	2018/03/27	15:06:16	l			
tim	2018/03/27	15:06:33	l			
tim	2018/03/27	15:22:45	l			
tim	2018/03/27	15:24:40	l			
tim	2018/03/27	15:24:48	l			
tim	2018/03/27	15:24:52				
tim	2018/03/27	15:24:55	list			
tim	2018/03/27	15:25:14	list			
tim	2018/03/27	15:27:20	list			
tim	2018/03/27	15:27:29	list			
tim	2018/03/27	15:27:31				
tim	2018/03/27	15:27:38	l			
tim	2018/03/27	15:29:06	l			
tim	2018/03/27	15:31:36	l			
tim	2018/03/27	15:31:40				
tim	2018/03/27	15:31:42	l			
tim	2018/03/27	15:32:18	s	as		
tim	2018/03/27	15:32:24	s	ar		
tim	2018/03/27	15:32:27	t			
tim	2018/03/27	15:32:29				
tim	2018/03/27	15:32:34	c	attttt		
tim	2018/03/27	15:41:49				
tim	2018/03/27	15:41:55	c	ayyyy		
tim	2018/03/27	15:55:43	c	arrrrrr		
tim	2018/03/27	15:57:27	rm	arrrrrr		
tim	2018/03/27	15:57:33	c	aCCrrrrrr		
tim	2018/03/27	15:58:52	rm	aCCrrrrrr		
tim	2018/03/27	15:58:55	rm	aCCx		
tim	2018/03/27	15:59:00	c	aCCx		
tim	2018/03/27	15:59:39	rm	aCCx		
tim	2018/03/27	15:59:54	c	aCxxxCx		
tim	2018/03/27	16:00:28	rm	aCxxxCx		
tim	2018/03/27	16:00:35	c	appp		
tim	2018/03/27	16:03:02	c	apppxx		
tim	2018/03/27	16:05:18				
tim	2018/03/27	16:05:22				
tim	2018/03/27	16:05:56				
tim	2018/03/27	16:06:04	rm	aCCx		
tim	2018/03/27	16:06:42				
tim	2018/03/27	16:06:44	c	asss		
tim	2018/03/27	16:06:52	rm	asss		
tim	2018/03/27	16:06:57	r	asss		
tim	2018/03/27	16:07:00				
tim	2018/03/27	16:08:52	cd			
tim	2018/03/27	16:08:59	cd	bbref		
tim	2018/03/27	16:09:04	cd			
tim	2018/03/27	16:10:02				
tim	2018/03/27	16:10:04				
tim	2018/03/27	16:10:07	c	auuu		
tim	2018/03/27	16:22:18				
tim	2018/03/27	16:22:22	c	aiiiie		
tim	2018/03/27	16:22:30	rm	aiiiie		
tim	2018/03/27	16:29:44				
tim	2018/03/27	16:29:49	c	aiiii		
tim	2018/03/27	16:29:59	rm	aiiii		
tim	2018/03/27	16:30:02	r	aiiii		
tim	2018/03/27	16:36:22	l			
tim	2018/03/27	16:39:12	l			
tim	2018/03/27	16:39:23	l			
tim	2018/03/27	16:39:46	l			
tim	2018/03/27	16:39:59	l			
tim	2018/03/27	16:40:50	list			
tim	2018/03/27	16:41:03	tree			
tim	2018/03/27	16:41:07	l			
tim	2018/03/27	16:41:13	aiiii			
tim	2018/03/27	16:42:56	l			
tim	2018/03/27	16:43:07				
tim	2018/03/27	16:43:09	l			
tim	2018/03/27	16:43:13	asss			
tim	2018/03/27	16:43:38	l	a		
tim	2018/03/27	16:44:17	l			
tim	2018/03/27	16:51:55	l			
tim	2018/03/27	16:51:59	h			
tim	2018/03/27	16:52:05	t			
tim	2018/03/27	16:52:08	l			
tim	2018/03/27	16:53:02	l			
tim	2018/03/27	16:54:34	l			
tim	2018/03/27	16:54:38				
tim	2018/03/27	16:55:16	s	as		
tim	2018/03/27	16:55:23	s	a		
tim	2018/03/27	16:59:19	s	a		
tim	2018/03/27	16:59:31	s	a		
tim	2018/03/27	16:59:49	s	a		
tim	2018/03/27	17:02:01	s	a		
tim	2018/03/27	17:02:07	l			
tim	2018/03/27	17:02:09				
tim	2018/03/27	20:43:49				
tim	2018/03/27	20:43:53	ls	-Gl		
tim	2018/03/27	20:43:55	ls	-Gl		
tim	2018/03/27	20:44:13	sdsd			
tim	2018/03/27	20:44:21	list			
tim	2018/03/27	20:44:24	ls	-Gl		
tim	2018/03/27	20:44:36	cp	-iv		
tim	2018/03/27	20:44:41				
tim	2018/03/27	20:44:43	l			
tim	2018/03/27	20:44:44				
tim	2018/03/27	20:45:56	h			
tim	2018/03/27	20:45:58				
tim	2018/03/27	20:46:18	c	aMMM		
tim	2018/03/27	20:46:25				
tim	2018/03/27	20:46:29	t			
tim	2018/03/27	20:47:29	rm	aMMM		
tim	2018/03/27	20:47:32	t			
tim	2018/03/27	20:48:07	h			
tim	2018/03/27	20:48:10	hist			
tim	2018/03/27	20:48:15	s	as		
tim	2018/03/27	20:48:59				
tim	2018/03/27	20:49:07	asss			
tim	2018/03/27	22:38:30				
tim	2018/03/27	22:38:33				
tim	2018/03/27	22:38:50	l			
tim	2018/03/27	22:41:03	c	aUYYYYD		
tim	2018/03/27	22:41:07				
tim	2018/03/27	22:41:15	c	aXXX		
tim	2018/03/27	22:41:32	rm	aXXX		
tim	2018/03/27	22:41:56	r	aXXX		
tim	2018/03/27	22:42:10				
tim	2018/03/27	22:42:17	c	aEE		
tim	2018/03/27	22:42:24	rm	aEE		
tim	2018/03/27	22:42:27	s	ar		
tim	2018/03/27	22:42:30	s	a		
tim	2018/03/27	22:42:33	s	at		
tim	2018/03/27	22:42:39	s	aaa		
tim	2018/03/27	22:42:44	s	aa		
tim	2018/03/27	22:42:46				
tim	2018/03/27	22:42:52	s	f		
tim	2018/03/27	22:42:56				
tim	2018/03/27	22:43:02	t			
tim	2018/03/27	22:47:34				
tim	2018/03/28	12:11:27				
tim	2018/03/28	12:13:24				
tim	2018/03/28	12:18:52				
tim	2018/03/28	12:19:06				
tim	2018/03/28	12:21:11				
tim	2018/03/28	12:21:23				
tim	2018/03/28	12:24:17				
tim	2018/03/28	12:24:59				
tim	2018/03/28	12:28:06				
tim	2018/03/28	12:36:48				
tim	2018/03/28	12:37:07				
tim	2018/03/28	12:37:18				
tim	2018/03/28	12:37:25				
tim	2018/03/28	12:37:35				
tim	2018/03/28	12:38:15				
tim	2018/03/28	12:38:22				
tim	2018/03/28	12:39:32				
tim	2018/03/28	12:39:45				
tim	2018/03/28	12:40:15				
tim	2018/03/28	12:53:02				
tim	2018/03/28	12:54:21				
tim	2018/03/28	12:56:41				
tim	2018/03/28	12:56:57				
tim	2018/03/28	12:57:20				
tim	2018/03/28	12:57:43				
tim	2018/03/28	12:59:26				
tim	2018/03/28	13:08:24	asss			
tim	2018/03/28	13:08:31	l			
tim	2018/03/28	13:08:37	hist			
tim	2018/03/28	13:08:43	t			
tim	2018/03/28	13:08:46				
tim	2018/03/28	13:09:18				
tim	2018/03/28	13:09:23				
tim	2018/03/28	13:10:01				
tim	2018/03/28	13:10:05	t			
tim	2018/03/28	13:10:08				
tim	2018/03/28	13:10:14	c	aFFFF		
tim	2018/03/28	13:10:20	rm	aFFFF		
tim	2018/03/28	13:10:25	c	aMMMMM		
tim	2018/03/28	13:10:30	rm	aMMMMM		
tim	2018/03/28	13:10:37	c	addMMMMM		
tim	2018/03/28	13:10:40				
tim	2018/03/28	13:10:44	t			
tim	2018/03/28	13:10:48				
tim	2018/03/28	13:19:04				
tim	2018/03/28	13:19:13				
tim	2018/03/28	13:19:23				
tim	2018/03/28	13:19:30				
tim	2018/03/28	13:21:38	c	aaaa		
tim	2018/03/28	13:21:43	c	aRRR		
tim	2018/03/28	13:21:49	c	aKKKKK		
tim	2018/03/28	13:21:56	c	aLLLL		
tim	2018/03/28	13:22:04	c	aLMOO		
tim	2018/03/28	13:22:11	c	aHHHH		
tim	2018/03/28	13:22:53	c	aqqqqqq		
tim	2018/03/28	13:22:59	c	aqtttr		
tim	2018/03/28	13:23:05	c	aeeeee		
tim	2018/03/28	13:23:10	rm	aeeeee		
tim	2018/03/28	13:23:15	c	axxxssss		
tim	2018/03/28	13:23:19	rm	axxxssss		
tim	2018/03/28	13:23:22				
tim	2018/03/28	13:23:25	t			
tim	2018/03/28	13:23:31	c	aqqooo		
tim	2018/03/28	13:23:35				
tim	2018/03/28	13:23:39	rm	aqqooo		
tim	2018/03/28	13:23:41	l			
tim	2018/03/28	13:24:02	l	a		
tim	2018/03/28	13:24:16	ls	-Gl	a	
tim	2018/03/28	13:24:19	s	a		
tim	2018/03/28	13:24:33	s	t		
tim	2018/03/28	13:24:41				
tim	2018/03/28	13:24:43	l			
tim	2018/03/28	13:24:53	l			
tim	2018/03/28	13:25:02	c	auuu		
tim	2018/03/28	13:25:31	c	auhhhh		
tim	2018/03/28	13:25:37	rm	auhhhh		
tim	2018/03/28	13:25:42	r	auhhhh		
tim	2018/03/28	13:25:44				
tim	2018/03/28	13:29:25	s	ar		
tim	2018/03/28	13:29:28	s	a		
tim	2018/03/28	13:29:35	as			
tim	2018/03/28	13:29:39	s	as		
tim	2018/03/28	13:30:02	s	as		
tim	2018/03/28	13:31:29	s	as		
tim	2018/03/28	13:37:21	s	as		
tim	2018/03/28	13:37:23				
tim	2018/03/28	13:37:36	l			
tim	2018/03/28	13:37:43	h			
tim	2018/03/28	13:38:43				
tim	2018/03/28	13:39:35				
tim	2018/03/28	13:41:09				
tim	2018/03/28	13:41:15				
tim	2018/03/28	13:41:32				
tim	2018/03/28	13:42:37				
tim	2018/03/28	20:46:03				
tim	2018/03/28	22:19:57				
tim	2018/03/28	22:20:00	l			
tim	2018/03/28	22:20:26	h			
tim	2018/03/28	22:22:11	list			
tim	2018/03/28	22:22:15				
tim	2018/03/28	22:22:19	aiiii			
tim	2018/03/28	22:22:23	asdas			
tim	2018/03/28	22:22:26	t			
tim	2018/03/28	22:22:31	l			
tim	2018/03/28	23:44:37				
tim	2018/03/28	23:44:42	ls	-Gl		
tim	2018/03/28	23:45:27	hist			
tim	2018/03/28	23:45:49	c	aYuUUUU		
tim	2018/03/28	23:46:40				
tim	2018/03/28	23:47:34	t			
tim	2018/03/28	23:47:52	s	as		
tim	2018/03/28	23:48:42				
tim	2018/03/28	23:49:18	l			
tim	2018/03/28	23:49:21				
tim	2018/03/28	23:49:25	h			
tim	2018/03/28	23:49:33	c	atytytytyty		
tim	2018/03/28	23:50:43				
tim	2018/03/28	23:51:54				
tim	2018/03/28	23:51:57	ls	-Gl		
tim	2018/03/28	23:52:03	ls	-Gl		
tim	2018/03/28	23:52:07	l			
tim	2018/03/28	23:52:19	list			
tim	2018/03/28	23:52:22	ls	-Gl		
tim	2018/03/28	23:53:19				
tim	2018/03/28	23:53:23	l			
tim	2018/03/28	23:54:39				
tim	2018/03/29	00:03:47				
tim	2018/03/29	00:05:20	tree			
tim	2018/03/29	00:05:55				
tim	2018/03/29	00:06:23	t			
tim	2018/03/29	00:06:39				
tim	2018/03/29	00:06:41	l			
tim	2018/03/29	00:13:08				
tim	2018/03/29	00:13:31				
tim	2018/03/29	00:13:43	rm	aiiii		
tim	2018/03/29	00:14:54	t			
tim	2018/03/29	00:14:57	s	ae		
tim	2018/03/29	00:15:01	s	aa		
tim	2018/03/29	00:15:04	s	aa		
tim	2018/03/29	00:15:09	s	a		
tim	2018/03/29	00:15:13	s	t		
tim	2018/03/29	00:18:09	c			
tim	2018/03/29	00:26:59				
tim	2018/03/29	00:27:43				
tim	2018/03/29	00:27:46				
tim	2018/03/29	00:27:57				
tim	2018/03/29	00:28:00				
tim	2018/03/29	00:28:12				
tim	2018/03/29	00:28:23	c			
tim	2018/03/29	00:29:57	l			
tim	2018/03/29	00:50:24	c	auuuututu		
tim	2018/03/29	00:57:11	c	auuiiii		
tim	2018/03/29	00:58:36	rm	auuiiii		
tim	2018/03/29	00:58:41	c	aqwwwwwd		
tim	2018/03/29	00:59:45	c	axdhdhhf		
tim	2018/03/29	01:10:40	c	auuuuutttu		
tim	2018/03/29	01:14:02	c	axxxxxx		
tim	2018/03/29	01:25:04	c	asjdjdjdj		
tim	2018/03/29	01:27:21				
tim	2018/03/29	01:27:30	c	affddd		
tim	2018/03/29	01:27:42	rm	asjdjdjdj		
tim	2018/03/29	01:27:45	t			
tim	2018/03/29	01:27:51	r	asjdjdjdj		
tim	2018/03/29	01:27:57	c	aJJJ		
tim	2018/03/29	01:39:12	c	adfsdfdsfsd		
tim	2018/03/29	01:41:39				
tim	2018/03/29	01:41:42	c	asadsadasdsarff		
tim	2018/03/29	01:44:53	c	adasdaseeee		
tim	2018/03/29	01:48:49	c	AJDDJDJDDJ		
tim	2018/03/29	01:50:47	c	aSDDFDDD		
tim	2018/03/29	01:51:07	rm	aSDDFDDD		
tim	2018/03/29	01:51:16	c	assssdkkfkfkffk		
tim	2018/03/29	01:51:38	c	assssddzzzas		
tim	2018/03/29	01:53:58	c	asVVVDDD		
tim	2018/03/29	01:54:36	c	asVdddXXX		
tim	2018/03/29	01:54:42				
tim	2018/03/29	01:56:59	c	aasdsdsOOOEEE		
tim	2018/03/29	01:58:41	c	aasVCVCVCVDD		
tim	2018/03/29	02:00:04				
tim	2018/03/29	02:00:06	l			
tim	2018/03/29	02:00:11	scrapebase			
tim	2018/03/29	02:03:32	c	aURRURRYYYRR		
tim	2018/03/29	02:03:39				
tim	2018/03/29	02:04:25	c	aoppppppffff		
tim	2018/03/29	02:10:12	c	azzzxxxxxxx		
tim	2018/03/29	02:11:29	c	azzzxxxcgjgjgj		
tim	2018/03/29	02:14:58	c	azNNNN		
tim	2018/03/29	02:18:23	c	aHHHHH		
tim	2018/03/29	02:19:28	c	aHHHHHdddf		
tim	2018/03/29	02:20:39				
tim	2018/03/29	02:20:45	c	awueueeuu		
tim	2018/03/30	00:04:29				
tim	2018/03/30	00:04:42	rm	aLMOO		
tim	2018/03/30	00:04:45				
tim	2018/03/30	00:04:49	rm	asVVVDDD		
tim	2018/03/30	00:05:08				
tim	2018/03/30	00:05:12	rm	asjdjdjdj		
tim	2018/03/30	00:05:14				
tim	2018/03/30	00:05:21	rm	asVdddXXX		
tim	2018/03/30	00:05:23				
tim	2018/03/30	00:05:32	rm	aYuUUUU		
tim	2018/03/30	00:05:34				
tim	2018/03/30	00:05:42	rm	aURRURRYYYRR		
tim	2018/03/30	00:05:45	t			
tim	2018/03/30	00:05:53	c	aVVVCCC		
tim	2018/03/30	00:08:05				
tim	2018/03/30	01:09:44	c	ahhhhh		
tim	2018/03/30	01:09:57	c	adddfdfdffdff		
tim	2018/03/30	01:10:05				
tim	2018/03/30	01:16:14				
tim	2018/03/30	01:16:18	l			
tim	2018/03/30	01:16:21				
tim	2018/03/30	01:17:04	l			
tim	2018/03/30	01:17:35	l			
tim	2018/03/30	01:18:03	l			
tim	2018/03/30	01:18:12	l			
tim	2018/03/30	01:18:19				
tim	2018/03/30	01:18:52	l			
tim	2018/03/30	01:20:40	l			
tim	2018/03/30	01:20:42				
tim	2018/03/30	01:21:14				
tim	2018/03/30	01:25:34	s	a		
tim	2018/03/30	01:25:42	l			
tim	2018/03/30	01:25:51	l			
tim	2018/03/30	01:27:31	l			
tim	2018/03/30	01:28:12	l			
tim	2018/03/30	01:28:27	l			
tim	2018/03/30	01:28:54				
tim	2018/03/30	01:31:07				
tim	2018/03/30	01:33:40				
tim	2018/03/30	01:33:42	l			
tim	2018/03/30	01:34:34	l			
tim	2018/03/30	01:34:46	l			
tim	2018/03/30	01:35:05				
tim	2018/03/30	01:35:57				
tim	2018/03/30	01:36:19				
tim	2018/03/30	01:37:15				
tim	2018/03/30	01:40:28				
tim	2018/03/30	01:41:53				
tim	2018/03/30	01:42:26				
tim	2018/03/30	01:43:49				
tim	2018/03/30	01:44:48				
tim	2018/03/30	01:45:02				
tim	2018/03/30	01:45:18				
tim	2018/03/30	01:46:51				
tim	2018/03/30	01:48:49				
tim	2018/03/30	01:49:04				
tim	2018/03/30	01:49:23				
tim	2018/03/30	01:49:36				
tim	2018/03/30	01:50:24				
tim	2018/03/30	01:50:41	l			
tim	2018/03/30	01:56:43	l			
tim	2018/03/30	01:56:58	l			
tim	2018/03/30	01:57:42	l			
tim	2018/03/30	01:58:01	l			
tim	2018/03/30	01:58:23	l			
tim	2018/03/30	01:58:27				
tim	2018/03/30	01:59:06	c	this_is_a_long_one		
tim	2018/03/30	01:59:11				
tim	2018/03/30	02:03:08				
tim	2018/03/30	02:03:13	l			
tim	2018/03/30	02:04:01				
tim	2018/03/30	02:04:43				
tim	2018/03/30	02:05:16				
tim	2018/03/30	02:05:19	h			
tim	2018/03/30	02:05:23	l			
tim	2018/03/30	02:05:46	l			
tim	2018/03/30	02:06:05	l			
tim	2018/03/30	02:06:46				
tim	2018/03/30	02:07:09				
tim	2018/03/30	02:08:46				
tim	2018/03/30	02:09:08				
tim	2018/03/30	02:12:08				
tim	2018/03/30	02:12:38				
tim	2018/03/30	02:12:58				
tim	2018/03/30	02:14:15				
tim	2018/03/30	02:15:02	l			
tim	2018/03/30	02:15:37	l			
tim	2018/03/30	02:16:11				
tim	2018/03/30	02:16:35	h			
tim	2018/03/30	02:17:17				
tim	2018/03/30	02:18:55				
tim	2018/03/30	02:20:20				
tim	2018/03/30	02:20:44				
tim	2018/03/30	02:21:16	l			
tim	2018/03/30	02:22:32	l			
tim	2018/03/30	02:22:47	l			
tim	2018/03/30	02:23:04				
tim	2018/03/30	02:23:07	t			
tim	2018/03/30	02:25:34	l			
tim	2018/03/30	02:27:00				
tim	2018/03/30	02:30:04	l			
tim	2018/03/30	02:30:11	c	asdjdjdjd		
tim	2018/03/30	02:30:40				
tim	2018/03/30	02:30:43	s	as		
tim	2018/03/30	02:32:14	t			
tim	2018/03/30	02:32:20	l			
tim	2018/03/30	02:33:36				
tim	2018/03/30	02:36:57				
tim	2018/03/30	02:37:01	l			
tim	2018/03/30	02:37:43	t			
tim	2018/03/30	02:38:02	hist			
tim	2018/03/30	02:38:14	hist	20		
tim	2018/03/30	02:38:17	hist	6		
tim	2018/03/30	02:38:23	h			
tim	2018/03/30	02:42:46	aqtttr			
tim	2018/03/30	02:43:33	cd			
tim	2018/03/30	02:43:46				
tim	2018/03/30	02:54:43	-l			
tim	2018/03/30	02:54:47	l			
tim	2018/03/30	02:55:18	s	as		
tim	2018/03/30	02:55:27				
tim	2018/03/30	02:55:29	h			
tim	2018/03/30	02:57:45				
tim	2018/03/30	02:58:02	copy	axxxxxx	aDDDDDDDDDDDDDD	
tim	2018/03/30	02:58:07	l			
tim	2018/03/30	02:58:14	aDDDDDDDDDDDDDD			
tim	2018/03/30	03:02:17	rm	aoppppppffff		
tim	2018/03/30	03:02:22				
tim	2018/03/30	03:06:16				
tim	2018/03/30	03:14:24				
tim	2018/03/30	03:14:34	l			
tim	2018/03/30	03:15:42	l			
tim	2018/03/30	15:37:26	l			
tim	2018/03/30	22:06:48	h			
tim	2018/03/31	01:06:43				
tim	2018/03/31	01:07:14	l	all		
tim	2018/03/31	01:07:21	l	a		
tim	2018/03/31	01:07:37	l	w		
tim	2018/03/31	02:07:01	dfsfd			
tim	2018/03/31	02:07:07	rm	sdsd		
tim	2018/03/31	02:08:38				
